0	12:39:06.983	Compiling 'MACD Sample'
0	12:39:06.983	Compiling 'Moving Average'
0	12:39:08.093	Compiling 'Accelerator'
0	12:39:08.093	Compiling 'Accumulation'
0	12:39:08.093	Compiling 'Alligator'
0	12:39:08.093	Compiling 'ATR'
0	12:39:08.093	Compiling 'Awesome'
0	12:39:08.093	Compiling 'Bands'
0	12:39:08.093	Compiling 'Bears'
0	12:39:08.093	Compiling 'Bulls'
0	12:39:08.093	Compiling 'CCI'
0	12:39:08.093	Compiling 'Custom Moving Averages'
0	12:39:08.093	Compiling 'Heiken Ashi'
0	12:39:08.093	Compiling 'Ichimoku'
0	12:39:08.093	Compiling 'iExposure'
0	12:39:08.093	Compiling 'MACD'
0	12:39:08.093	Compiling 'Momentum'
0	12:39:08.093	Compiling 'OsMA'
0	12:39:08.093	Compiling 'Parabolic'
0	12:39:08.093	Compiling 'RSI'
0	12:39:08.093	Compiling 'Stochastic'
0	12:39:08.093	Compiling 'ZigZag'
0	12:39:08.093	Compiling 'SimplePanel'
0	12:39:12.323	Compiling 'PeriodConverter'
0	12:39:12.323	Compiling 'DLLSampleTester'
0	12:39:12.324	Compiling 'PipeClient'
0	12:39:12.324	Compiling 'PipeClientPure'
0	12:39:13.471	Compiling 'stdlib'
